[ 2016-12-08T10:37:37+08:00 ] 119.131.216.102 /zgapi/index.php/Home/Jymember/usertoproj
INFO: [ app_init ] --START--
INFO: Run Behavior\BuildLiteBehavior [ RunTime:0.000000s ]
INFO: [ app_init ] --END-- [ RunTime:0.000000s ]
INFO: [ app_begin ] --START--
INFO: Run Behavior\ReadHtmlCacheBehavior [ RunTime:0.000000s ]
INFO: [ app_begin ] --END-- [ RunTime:0.000000s ]

[ 2016-12-08T10:38:04+08:00 ] 119.131.216.102 /zgapi/index.php/Home/Jymember/te
INFO: [ app_init ] --START--
INFO: Run Behavior\BuildLiteBehavior [ RunTime:0.000000s ]
INFO: [ app_init ] --END-- [ RunTime:0.000000s ]
INFO: [ app_begin ] --START--
INFO: Run Behavior\ReadHtmlCacheBehavior [ RunTime:0.000000s ]
INFO: [ app_begin ] --END-- [ RunTime:0.000000s ]
INFO: [ view_parse ] --START--
INFO: [ template_filter ] --START--
INFO: Run Behavior\ContentReplaceBehavior [ RunTime:0.000000s ]
INFO: [ template_filter ] --END-- [ RunTime:0.000000s ]
INFO: Run Behavior\ParseTemplateBehavior [ RunTime:0.000000s ]
INFO: [ view_parse ] --END-- [ RunTime:0.000000s ]
INFO: [ view_filter ] --START--
INFO: Run Behavior\WriteHtmlCacheBehavior [ RunTime:0.000000s ]
INFO: [ view_filter ] --END-- [ RunTime:0.000000s ]
INFO: [ app_end ] --START--
INFO: Run Behavior\ShowPageTraceBehavior [ RunTime:0.000000s ]
INFO: [ app_end ] --END-- [ RunTime:0.000000s ]

[ 2016-12-08T10:38:31+08:00 ] 119.131.216.102 /zgapi/index.php/Home/Jymember/usertoproj
INFO: [ app_init ] --START--
INFO: Run Behavior\BuildLiteBehavior [ RunTime:0.000000s ]
INFO: [ app_init ] --END-- [ RunTime:0.000000s ]
INFO: [ app_begin ] --START--
INFO: Run Behavior\ReadHtmlCacheBehavior [ RunTime:0.000000s ]
INFO: [ app_begin ] --END-- [ RunTime:0.000000s ]

[ 2016-12-08T10:38:49+08:00 ] 119.131.216.102 /zgapi/index.php/Home/Jymember/usertoproj
INFO: [ app_init ] --START--
INFO: Run Behavior\BuildLiteBehavior [ RunTime:0.000000s ]
INFO: [ app_init ] --END-- [ RunTime:0.000000s ]
INFO: [ app_begin ] --START--
INFO: Run Behavior\ReadHtmlCacheBehavior [ RunTime:0.000000s ]
INFO: [ app_begin ] --END-- [ RunTime:0.000000s ]
NOTIC: [2] trim() expects at least 1 parameter, 0 given D:\wwwroot\59jiaju\wwwroot\zgapi\Application\Home\Controller\JymemberController.class.php 第 193 行.

[ 2016-12-08T10:38:50+08:00 ] 119.131.216.102 /zgapi/index.php/Home/Jymember/usertoproj
INFO: [ app_init ] --START--
INFO: Run Behavior\BuildLiteBehavior [ RunTime:0.000000s ]
INFO: [ app_init ] --END-- [ RunTime:0.000000s ]
INFO: [ app_begin ] --START--
INFO: Run Behavior\ReadHtmlCacheBehavior [ RunTime:0.000000s ]
INFO: [ app_begin ] --END-- [ RunTime:0.000000s ]
NOTIC: [2] trim() expects at least 1 parameter, 0 given D:\wwwroot\59jiaju\wwwroot\zgapi\Application\Home\Controller\JymemberController.class.php 第 193 行.

[ 2016-12-08T10:39:01+08:00 ] 119.131.216.102 /zgapi/index.php/Home/Jymember/usertoproj
INFO: [ app_init ] --START--
INFO: Run Behavior\BuildLiteBehavior [ RunTime:0.000000s ]
INFO: [ app_init ] --END-- [ RunTime:0.000000s ]
INFO: [ app_begin ] --START--
INFO: Run Behavior\ReadHtmlCacheBehavior [ RunTime:0.000000s ]
INFO: [ app_begin ] --END-- [ RunTime:0.000000s ]

[ 2016-12-08T10:39:18+08:00 ] 119.131.216.102 /zgapi/index.php/Home/Jymember/te
INFO: [ app_init ] --START--
INFO: Run Behavior\BuildLiteBehavior [ RunTime:0.000000s ]
INFO: [ app_init ] --END-- [ RunTime:0.000000s ]
INFO: [ app_begin ] --START--
INFO: Run Behavior\ReadHtmlCacheBehavior [ RunTime:0.000000s ]
INFO: [ app_begin ] --END-- [ RunTime:0.000000s ]
INFO: [ view_parse ] --START--
INFO: [ template_filter ] --START--
INFO: Run Behavior\ContentReplaceBehavior [ RunTime:0.000000s ]
INFO: [ template_filter ] --END-- [ RunTime:0.000000s ]
INFO: Run Behavior\ParseTemplateBehavior [ RunTime:0.000000s ]
INFO: [ view_parse ] --END-- [ RunTime:0.000000s ]
INFO: [ view_filter ] --START--
INFO: Run Behavior\WriteHtmlCacheBehavior [ RunTime:0.000000s ]
INFO: [ view_filter ] --END-- [ RunTime:0.000000s ]
INFO: [ app_end ] --START--
INFO: Run Behavior\ShowPageTraceBehavior [ RunTime:0.000000s ]
INFO: [ app_end ] --END-- [ RunTime:0.000000s ]

[ 2016-12-08T10:44:24+08:00 ] 119.131.216.102 /zgapi/index.php/Home/Jymember/te
INFO: [ app_init ] --START--
INFO: Run Behavior\BuildLiteBehavior [ RunTime:0.000000s ]
INFO: [ app_init ] --END-- [ RunTime:0.000000s ]
INFO: [ app_begin ] --START--
INFO: Run Behavior\ReadHtmlCacheBehavior [ RunTime:0.000000s ]
INFO: [ app_begin ] --END-- [ RunTime:0.000000s ]
INFO: [ view_parse ] --START--
INFO: [ template_filter ] --START--
INFO: Run Behavior\ContentReplaceBehavior [ RunTime:0.000000s ]
INFO: [ template_filter ] --END-- [ RunTime:0.000000s ]
INFO: Run Behavior\ParseTemplateBehavior [ RunTime:0.000000s ]
INFO: [ view_parse ] --END-- [ RunTime:0.000000s ]
INFO: [ view_filter ] --START--
INFO: Run Behavior\WriteHtmlCacheBehavior [ RunTime:0.000000s ]
INFO: [ view_filter ] --END-- [ RunTime:0.000000s ]
INFO: [ app_end ] --START--
INFO: Run Behavior\ShowPageTraceBehavior [ RunTime:0.000000s ]
INFO: [ app_end ] --END-- [ RunTime:0.000000s ]

[ 2016-12-08T10:44:46+08:00 ] 119.131.216.102 /zgapi/index.php/Home/Jymember/te
INFO: [ app_init ] --START--
INFO: Run Behavior\BuildLiteBehavior [ RunTime:0.000000s ]
INFO: [ app_init ] --END-- [ RunTime:0.000000s ]
INFO: [ app_begin ] --START--
INFO: Run Behavior\ReadHtmlCacheBehavior [ RunTime:0.000000s ]
INFO: [ app_begin ] --END-- [ RunTime:0.000000s ]
INFO: [ view_parse ] --START--
INFO: [ template_filter ] --START--
INFO: Run Behavior\ContentReplaceBehavior [ RunTime:0.000000s ]
INFO: [ template_filter ] --END-- [ RunTime:0.000000s ]
INFO: Run Behavior\ParseTemplateBehavior [ RunTime:0.015625s ]
INFO: [ view_parse ] --END-- [ RunTime:0.015625s ]
INFO: [ view_filter ] --START--
INFO: Run Behavior\WriteHtmlCacheBehavior [ RunTime:0.000000s ]
INFO: [ view_filter ] --END-- [ RunTime:0.000000s ]
INFO: [ app_end ] --START--
INFO: Run Behavior\ShowPageTraceBehavior [ RunTime:0.000000s ]
INFO: [ app_end ] --END-- [ RunTime:0.000000s ]

[ 2016-12-08T10:47:08+08:00 ] 119.131.216.102 /zgapi/index.php/Home/Jymember/te
INFO: [ app_init ] --START--
INFO: Run Behavior\BuildLiteBehavior [ RunTime:0.000000s ]
INFO: [ app_init ] --END-- [ RunTime:0.000000s ]
INFO: [ app_begin ] --START--
INFO: Run Behavior\ReadHtmlCacheBehavior [ RunTime:0.000000s ]
INFO: [ app_begin ] --END-- [ RunTime:0.000000s ]
INFO: [ view_parse ] --START--
INFO: [ template_filter ] --START--
INFO: Run Behavior\ContentReplaceBehavior [ RunTime:0.000000s ]
INFO: [ template_filter ] --END-- [ RunTime:0.000000s ]
INFO: Run Behavior\ParseTemplateBehavior [ RunTime:0.000000s ]
INFO: [ view_parse ] --END-- [ RunTime:0.000000s ]
INFO: [ view_filter ] --START--
INFO: Run Behavior\WriteHtmlCacheBehavior [ RunTime:0.000000s ]
INFO: [ view_filter ] --END-- [ RunTime:0.000000s ]
INFO: [ app_end ] --START--
INFO: Run Behavior\ShowPageTraceBehavior [ RunTime:0.000000s ]
INFO: [ app_end ] --END-- [ RunTime:0.000000s ]

[ 2016-12-08T10:47:27+08:00 ] 119.131.216.102 /zgapi/index.php/Home/Jymember/usertoproj
INFO: [ app_init ] --START--
INFO: Run Behavior\BuildLiteBehavior [ RunTime:0.000000s ]
INFO: [ app_init ] --END-- [ RunTime:0.000000s ]
INFO: [ app_begin ] --START--
INFO: Run Behavior\ReadHtmlCacheBehavior [ RunTime:0.000000s ]
INFO: [ app_begin ] --END-- [ RunTime:0.000000s ]

[ 2016-12-08T10:48:23+08:00 ] 119.131.216.102 /zgapi/index.php/Home/Jymember/te
INFO: [ app_init ] --START--
INFO: Run Behavior\BuildLiteBehavior [ RunTime:0.000000s ]
INFO: [ app_init ] --END-- [ RunTime:0.000000s ]
INFO: [ app_begin ] --START--
INFO: Run Behavior\ReadHtmlCacheBehavior [ RunTime:0.000000s ]
INFO: [ app_begin ] --END-- [ RunTime:0.000000s ]
INFO: [ view_parse ] --START--
INFO: [ template_filter ] --START--
INFO: Run Behavior\ContentReplaceBehavior [ RunTime:0.000000s ]
INFO: [ template_filter ] --END-- [ RunTime:0.000000s ]
INFO: Run Behavior\ParseTemplateBehavior [ RunTime:0.000000s ]
INFO: [ view_parse ] --END-- [ RunTime:0.000000s ]
INFO: [ view_filter ] --START--
INFO: Run Behavior\WriteHtmlCacheBehavior [ RunTime:0.000000s ]
INFO: [ view_filter ] --END-- [ RunTime:0.000000s ]
INFO: [ app_end ] --START--
INFO: Run Behavior\ShowPageTraceBehavior [ RunTime:0.000000s ]
INFO: [ app_end ] --END-- [ RunTime:0.000000s ]

[ 2016-12-08T10:48:30+08:00 ] 119.131.216.102 /zgapi/index.php/Home/Jymember/usertoproj
INFO: [ app_init ] --START--
INFO: Run Behavior\BuildLiteBehavior [ RunTime:0.000000s ]
INFO: [ app_init ] --END-- [ RunTime:0.000000s ]
INFO: [ app_begin ] --START--
INFO: Run Behavior\ReadHtmlCacheBehavior [ RunTime:0.000000s ]
INFO: [ app_begin ] --END-- [ RunTime:0.000000s ]

[ 2016-12-08T10:49:12+08:00 ] 119.131.216.102 /zgapi/index.php/Home/Jymember/usertoproj
INFO: [ app_init ] --START--
INFO: Run Behavior\BuildLiteBehavior [ RunTime:0.000000s ]
INFO: [ app_init ] --END-- [ RunTime:0.000000s ]
INFO: [ app_begin ] --START--
INFO: Run Behavior\ReadHtmlCacheBehavior [ RunTime:0.000000s ]
INFO: [ app_begin ] --END-- [ RunTime:0.000000s ]

[ 2016-12-08T10:51:37+08:00 ] 119.131.216.102 /zgapi/index.php/Home/Jymember/usertoproj
INFO: [ app_init ] --START--
INFO: Run Behavior\BuildLiteBehavior [ RunTime:0.000000s ]
INFO: [ app_init ] --END-- [ RunTime:0.000000s ]
INFO: [ app_begin ] --START--
INFO: Run Behavior\ReadHtmlCacheBehavior [ RunTime:0.015625s ]
INFO: [ app_begin ] --END-- [ RunTime:0.015625s ]

[ 2016-12-08T10:52:28+08:00 ] 119.131.216.102 /zgapi/index.php/Home/Jymember/usertoproj
INFO: [ app_init ] --START--
INFO: Run Behavior\BuildLiteBehavior [ RunTime:0.000000s ]
INFO: [ app_init ] --END-- [ RunTime:0.000000s ]
INFO: [ app_begin ] --START--
INFO: Run Behavior\ReadHtmlCacheBehavior [ RunTime:0.000000s ]
INFO: [ app_begin ] --END-- [ RunTime:0.000000s ]

[ 2016-12-08T10:57:07+08:00 ] 119.131.216.102 /zgapi/index.php/Home/Jymember/usertoproj
INFO: [ app_init ] --START--
INFO: Run Behavior\BuildLiteBehavior [ RunTime:0.000000s ]
INFO: [ app_init ] --END-- [ RunTime:0.000000s ]
INFO: [ app_begin ] --START--
INFO: Run Behavior\ReadHtmlCacheBehavior [ RunTime:0.000000s ]
INFO: [ app_begin ] --END-- [ RunTime:0.000000s ]
SQL: SHOW COLUMNS FROM `ecm_usertoproj` [ RunTime:0.000977s ]
SQL: SELECT COUNT(*) AS tp_count FROM `ecm_usertoproj` LIMIT 1   [ RunTime:0.000000s ]

[ 2016-12-08T10:58:13+08:00 ] 119.131.216.102 /zgapi/index.php/Home/Jymember/usertoproj
INFO: [ app_init ] --START--
INFO: Run Behavior\BuildLiteBehavior [ RunTime:0.000000s ]
INFO: [ app_init ] --END-- [ RunTime:0.000000s ]
INFO: [ app_begin ] --START--
INFO: Run Behavior\ReadHtmlCacheBehavior [ RunTime:0.000000s ]
INFO: [ app_begin ] --END-- [ RunTime:0.000000s ]
SQL: SHOW COLUMNS FROM `ecm_usertoproj` [ RunTime:0.000000s ]
SQL: SELECT COUNT(id) AS tp_count FROM `ecm_usertoproj` WHERE `addtime` = 1481164741 LIMIT 1   [ RunTime:0.000000s ]

[ 2016-12-08T10:59:24+08:00 ] 119.131.216.102 /zgapi/index.php/Home/Jymember/usertoproj
INFO: [ app_init ] --START--
INFO: Run Behavior\BuildLiteBehavior [ RunTime:0.000000s ]
INFO: [ app_init ] --END-- [ RunTime:0.000000s ]
INFO: [ app_begin ] --START--
INFO: Run Behavior\ReadHtmlCacheBehavior [ RunTime:0.000000s ]
INFO: [ app_begin ] --END-- [ RunTime:0.000000s ]
SQL: SHOW COLUMNS FROM `ecm_usertoproj` [ RunTime:0.000000s ]
SQL: SELECT COUNT(id) AS tp_count FROM `ecm_usertoproj` WHERE `addtime` = 1481164741 LIMIT 1   [ RunTime:0.000000s ]

[ 2016-12-08T10:59:26+08:00 ] 119.131.216.102 /zgapi/index.php/Home/Jymember/usertoproj
INFO: [ app_init ] --START--
INFO: Run Behavior\BuildLiteBehavior [ RunTime:0.000000s ]
INFO: [ app_init ] --END-- [ RunTime:0.000000s ]
INFO: [ app_begin ] --START--
INFO: Run Behavior\ReadHtmlCacheBehavior [ RunTime:0.000000s ]
INFO: [ app_begin ] --END-- [ RunTime:0.000000s ]
SQL: SHOW COLUMNS FROM `ecm_usertoproj` [ RunTime:0.000000s ]
SQL: SELECT COUNT(id) AS tp_count FROM `ecm_usertoproj` WHERE `addtime` = 1481164741 LIMIT 1   [ RunTime:0.000000s ]

[ 2016-12-08T11:03:25+08:00 ] 119.131.216.102 /zgapi/index.php/Home/Jymember/usertoproj
INFO: [ app_init ] --START--
INFO: Run Behavior\BuildLiteBehavior [ RunTime:0.000000s ]
INFO: [ app_init ] --END-- [ RunTime:0.000000s ]
INFO: [ app_begin ] --START--
INFO: Run Behavior\ReadHtmlCacheBehavior [ RunTime:0.000000s ]
INFO: [ app_begin ] --END-- [ RunTime:0.000000s ]
SQL: SHOW COLUMNS FROM `ecm_usertoproj` [ RunTime:0.000000s ]
SQL: SELECT COUNT(id) AS tp_count FROM `ecm_usertoproj` WHERE `addtime` = 1481164741 LIMIT 1   [ RunTime:0.000000s ]
SQL: INSERT INTO `ecm_usertoproj` (`p_id`,`user_id`,`utype`,`addtime`) VALUES (1,1,1,1481164741) [ RunTime:0.000000s ]

[ 2016-12-08T11:03:32+08:00 ] 119.131.216.102 /zgapi/index.php/Home/Jymember/usertoproj
INFO: [ app_init ] --START--
INFO: Run Behavior\BuildLiteBehavior [ RunTime:0.000000s ]
INFO: [ app_init ] --END-- [ RunTime:0.000000s ]
INFO: [ app_begin ] --START--
INFO: Run Behavior\ReadHtmlCacheBehavior [ RunTime:0.000000s ]
INFO: [ app_begin ] --END-- [ RunTime:0.000000s ]
SQL: SHOW COLUMNS FROM `ecm_usertoproj` [ RunTime:0.000000s ]
SQL: SELECT COUNT(id) AS tp_count FROM `ecm_usertoproj` WHERE `addtime` = 1481164741 LIMIT 1   [ RunTime:0.000000s ]
SQL: SELECT `id` FROM `ecm_usertoproj` WHERE `addtime` = 1481164741 LIMIT 1   [ RunTime:0.000000s ]

[ 2016-12-08T11:06:39+08:00 ] 119.131.216.102 /zgapi/index.php/Home/Jymember/usertoproj
INFO: [ app_init ] --START--
INFO: Run Behavior\BuildLiteBehavior [ RunTime:0.000000s ]
INFO: [ app_init ] --END-- [ RunTime:0.000000s ]
INFO: [ app_begin ] --START--
INFO: Run Behavior\ReadHtmlCacheBehavior [ RunTime:0.000000s ]
INFO: [ app_begin ] --END-- [ RunTime:0.000000s ]

[ 2016-12-08T11:07:02+08:00 ] 119.131.216.102 /zgapi/index.php/Home/Jymember/usertoproj
INFO: [ app_init ] --START--
INFO: Run Behavior\BuildLiteBehavior [ RunTime:0.000000s ]
INFO: [ app_init ] --END-- [ RunTime:0.000000s ]
INFO: [ app_begin ] --START--
INFO: Run Behavior\ReadHtmlCacheBehavior [ RunTime:0.000000s ]
INFO: [ app_begin ] --END-- [ RunTime:0.000000s ]
SQL: SHOW COLUMNS FROM `ecm_usertoproj` [ RunTime:0.015625s ]
SQL: SELECT COUNT(id) AS tp_count FROM `ecm_usertoproj` WHERE `addtime` = 1481164741 LIMIT 1   [ RunTime:0.000000s ]
SQL: SELECT `id` FROM `ecm_usertoproj` WHERE `addtime` = 1481164741 LIMIT 1   [ RunTime:0.000000s ]
SQL: UPDATE `ecm_usertoproj` SET `p_id`=1,`user_id`=1,`utype`=1 WHERE `id` = 1 [ RunTime:0.000000s ]

[ 2016-12-08T11:07:12+08:00 ] 119.131.216.102 /zgapi/index.php/Home/Jymember/usertoproj
INFO: [ app_init ] --START--
INFO: Run Behavior\BuildLiteBehavior [ RunTime:0.000000s ]
INFO: [ app_init ] --END-- [ RunTime:0.000000s ]
INFO: [ app_begin ] --START--
INFO: Run Behavior\ReadHtmlCacheBehavior [ RunTime:0.015625s ]
INFO: [ app_begin ] --END-- [ RunTime:0.015625s ]
SQL: SHOW COLUMNS FROM `ecm_usertoproj` [ RunTime:0.000000s ]
SQL: SELECT COUNT(id) AS tp_count FROM `ecm_usertoproj` WHERE `addtime` = 1481164741 LIMIT 1   [ RunTime:0.000000s ]
SQL: SELECT `id` FROM `ecm_usertoproj` WHERE `addtime` = 1481164741 LIMIT 1   [ RunTime:0.000000s ]
SQL: UPDATE `ecm_usertoproj` SET `p_id`=1,`user_id`=1,`utype`=2 WHERE `id` = 1 [ RunTime:0.000000s ]

[ 2016-12-08T11:07:16+08:00 ] 119.131.216.102 /zgapi/index.php/Home/Jymember/usertoproj
INFO: [ app_init ] --START--
INFO: Run Behavior\BuildLiteBehavior [ RunTime:0.000000s ]
INFO: [ app_init ] --END-- [ RunTime:0.000000s ]
INFO: [ app_begin ] --START--
INFO: Run Behavior\ReadHtmlCacheBehavior [ RunTime:0.000000s ]
INFO: [ app_begin ] --END-- [ RunTime:0.000000s ]
SQL: SHOW COLUMNS FROM `ecm_usertoproj` [ RunTime:0.015625s ]
SQL: SELECT COUNT(id) AS tp_count FROM `ecm_usertoproj` WHERE `addtime` = 1481164741 LIMIT 1   [ RunTime:0.000000s ]
SQL: SELECT `id` FROM `ecm_usertoproj` WHERE `addtime` = 1481164741 LIMIT 1   [ RunTime:0.000000s ]
SQL: UPDATE `ecm_usertoproj` SET `p_id`=1,`user_id`=1,`utype`=2 WHERE `id` = 1 [ RunTime:0.000000s ]

[ 2016-12-08T11:07:32+08:00 ] 119.131.216.102 /zgapi/index.php/Home/Jymember/usertoproj
INFO: [ app_init ] --START--
INFO: Run Behavior\BuildLiteBehavior [ RunTime:0.000000s ]
INFO: [ app_init ] --END-- [ RunTime:0.000000s ]
INFO: [ app_begin ] --START--
INFO: Run Behavior\ReadHtmlCacheBehavior [ RunTime:0.000000s ]
INFO: [ app_begin ] --END-- [ RunTime:0.000000s ]
SQL: SHOW COLUMNS FROM `ecm_usertoproj` [ RunTime:0.000000s ]
SQL: SELECT COUNT(id) AS tp_count FROM `ecm_usertoproj` WHERE `addtime` = 1481164741 LIMIT 1   [ RunTime:0.000000s ]
SQL: SELECT `id` FROM `ecm_usertoproj` WHERE `addtime` = 1481164741 LIMIT 1   [ RunTime:0.000000s ]
SQL: UPDATE `ecm_usertoproj` SET `p_id`=1,`user_id`=1,`utype`=1 WHERE `id` = 1 [ RunTime:0.000000s ]

[ 2016-12-08T11:17:23+08:00 ] 119.131.216.102 /zgapi/index.php/Home/Jymember/usertoproj
INFO: [ app_init ] --START--
INFO: Run Behavior\BuildLiteBehavior [ RunTime:0.000000s ]
INFO: [ app_init ] --END-- [ RunTime:0.000000s ]
INFO: [ app_begin ] --START--
INFO: Run Behavior\ReadHtmlCacheBehavior [ RunTime:0.000000s ]
INFO: [ app_begin ] --END-- [ RunTime:0.000000s ]
SQL: SHOW COLUMNS FROM `ecm_usertoproj` [ RunTime:0.000000s ]
SQL: SELECT COUNT(id) AS tp_count FROM `ecm_usertoproj` WHERE `addtime` = 1481164741 LIMIT 1   [ RunTime:0.000000s ]
SQL: SELECT `id` FROM `ecm_usertoproj` WHERE `addtime` = 1481164741 LIMIT 1   [ RunTime:0.000000s ]
SQL: DELETE FROM `ecm_usertoproj` WHERE `id` = 1 [ RunTime:0.000000s ]

[ 2016-12-08T11:17:50+08:00 ] 119.131.216.102 /zgapi/index.php/Home/Jymember/usertoproj
INFO: [ app_init ] --START--
INFO: Run Behavior\BuildLiteBehavior [ RunTime:0.000000s ]
INFO: [ app_init ] --END-- [ RunTime:0.000000s ]
INFO: [ app_begin ] --START--
INFO: Run Behavior\ReadHtmlCacheBehavior [ RunTime:0.000000s ]
INFO: [ app_begin ] --END-- [ RunTime:0.000000s ]
SQL: SHOW COLUMNS FROM `ecm_usertoproj` [ RunTime:0.000000s ]
SQL: SELECT COUNT(id) AS tp_count FROM `ecm_usertoproj` WHERE `addtime` = 1481164741 LIMIT 1   [ RunTime:0.000000s ]

[ 2016-12-08T11:17:59+08:00 ] 119.131.216.102 /zgapi/index.php/Home/Jymember/usertoproj
INFO: [ app_init ] --START--
INFO: Run Behavior\BuildLiteBehavior [ RunTime:0.000000s ]
INFO: [ app_init ] --END-- [ RunTime:0.000000s ]
INFO: [ app_begin ] --START--
INFO: Run Behavior\ReadHtmlCacheBehavior [ RunTime:0.000000s ]
INFO: [ app_begin ] --END-- [ RunTime:0.000000s ]
SQL: SHOW COLUMNS FROM `ecm_usertoproj` [ RunTime:0.000000s ]
SQL: SELECT COUNT(id) AS tp_count FROM `ecm_usertoproj` WHERE `addtime` = 1481164741 LIMIT 1   [ RunTime:0.000000s ]
SQL: INSERT INTO `ecm_usertoproj` (`p_id`,`user_id`,`utype`,`addtime`) VALUES (1,1,1,1481164741) [ RunTime:0.000000s ]

[ 2016-12-08T11:19:44+08:00 ] 119.131.216.102 /zgapi/index.php/Home/Jymember/usertoproj
INFO: [ app_init ] --START--
INFO: Run Behavior\BuildLiteBehavior [ RunTime:0.000000s ]
INFO: [ app_init ] --END-- [ RunTime:0.000000s ]
INFO: [ app_begin ] --START--
INFO: Run Behavior\ReadHtmlCacheBehavior [ RunTime:0.000000s ]
INFO: [ app_begin ] --END-- [ RunTime:0.000000s ]
SQL: SHOW COLUMNS FROM `ecm_usertoproj` [ RunTime:0.000000s ]
SQL: SELECT COUNT(id) AS tp_count FROM `ecm_usertoproj` WHERE `addtime` = 1481164741 LIMIT 1   [ RunTime:0.000000s ]
SQL: SELECT `id` FROM `ecm_usertoproj` WHERE `addtime` = 1481164741 LIMIT 1   [ RunTime:0.000000s ]
SQL: DELETE FROM `ecm_usertoproj` WHERE `id` = 2 [ RunTime:0.000000s ]

[ 2016-12-08T11:19:47+08:00 ] 119.131.216.102 /zgapi/index.php/Home/Jymember/usertoproj
INFO: [ app_init ] --START--
INFO: Run Behavior\BuildLiteBehavior [ RunTime:0.000000s ]
INFO: [ app_init ] --END-- [ RunTime:0.000000s ]
INFO: [ app_begin ] --START--
INFO: Run Behavior\ReadHtmlCacheBehavior [ RunTime:0.000000s ]
INFO: [ app_begin ] --END-- [ RunTime:0.000000s ]
SQL: SHOW COLUMNS FROM `ecm_usertoproj` [ RunTime:0.015625s ]
SQL: SELECT COUNT(id) AS tp_count FROM `ecm_usertoproj` WHERE `addtime` = 1481164741 LIMIT 1   [ RunTime:0.000000s ]

[ 2016-12-08T11:22:56+08:00 ] 119.131.216.102 /zgapi/index.php/Home/Jymember/usertoproj
INFO: [ app_init ] --START--
INFO: Run Behavior\BuildLiteBehavior [ RunTime:0.000000s ]
INFO: [ app_init ] --END-- [ RunTime:0.000000s ]
INFO: [ app_begin ] --START--
INFO: Run Behavior\ReadHtmlCacheBehavior [ RunTime:0.000000s ]
INFO: [ app_begin ] --END-- [ RunTime:0.000000s ]
SQL: SHOW COLUMNS FROM `ecm_usertoproj` [ RunTime:0.000000s ]
SQL: SELECT COUNT(id) AS tp_count FROM `ecm_usertoproj` WHERE `addtime` = 1481164741 LIMIT 1   [ RunTime:0.000000s ]
SQL: INSERT INTO `ecm_usertoproj` (`p_id`,`user_id`,`utype`,`addtime`) VALUES (1,1,1,1481164741) [ RunTime:0.000000s ]

[ 2016-12-08T11:52:46+08:00 ] 119.131.216.102 /zgapi/index.php/Home/Jymember/te
INFO: [ app_init ] --START--
INFO: Run Behavior\BuildLiteBehavior [ RunTime:0.000000s ]
INFO: [ app_init ] --END-- [ RunTime:0.000000s ]
INFO: [ app_begin ] --START--
INFO: Run Behavior\ReadHtmlCacheBehavior [ RunTime:0.000000s ]
INFO: [ app_begin ] --END-- [ RunTime:0.000000s ]
INFO: [ view_parse ] --START--
INFO: [ template_filter ] --START--
INFO: Run Behavior\ContentReplaceBehavior [ RunTime:0.000000s ]
INFO: [ template_filter ] --END-- [ RunTime:0.000000s ]
INFO: Run Behavior\ParseTemplateBehavior [ RunTime:0.015625s ]
INFO: [ view_parse ] --END-- [ RunTime:0.015625s ]
INFO: [ view_filter ] --START--
INFO: Run Behavior\WriteHtmlCacheBehavior [ RunTime:0.000000s ]
INFO: [ view_filter ] --END-- [ RunTime:0.000000s ]
INFO: [ app_end ] --START--
INFO: Run Behavior\ShowPageTraceBehavior [ RunTime:0.000000s ]
INFO: [ app_end ] --END-- [ RunTime:0.000000s ]

[ 2016-12-08T11:53:16+08:00 ] 119.131.216.102 /zgapi/index.php/Home/Jymember/te
INFO: [ app_init ] --START--
INFO: Run Behavior\BuildLiteBehavior [ RunTime:0.000000s ]
INFO: [ app_init ] --END-- [ RunTime:0.000000s ]
INFO: [ app_begin ] --START--
INFO: Run Behavior\ReadHtmlCacheBehavior [ RunTime:0.000000s ]
INFO: [ app_begin ] --END-- [ RunTime:0.000000s ]
INFO: [ view_parse ] --START--
INFO: [ template_filter ] --START--
INFO: Run Behavior\ContentReplaceBehavior [ RunTime:0.000000s ]
INFO: [ template_filter ] --END-- [ RunTime:0.000000s ]
INFO: Run Behavior\ParseTemplateBehavior [ RunTime:0.015625s ]
INFO: [ view_parse ] --END-- [ RunTime:0.015625s ]
INFO: [ view_filter ] --START--
INFO: Run Behavior\WriteHtmlCacheBehavior [ RunTime:0.000000s ]
INFO: [ view_filter ] --END-- [ RunTime:0.000000s ]
INFO: [ app_end ] --START--
INFO: Run Behavior\ShowPageTraceBehavior [ RunTime:0.000000s ]
INFO: [ app_end ] --END-- [ RunTime:0.000000s ]

[ 2016-12-08T11:53:20+08:00 ] 119.131.216.102 /zgapi/index.php/Home/Jymember/projectadd
INFO: [ app_init ] --START--
INFO: Run Behavior\BuildLiteBehavior [ RunTime:0.000000s ]
INFO: [ app_init ] --END-- [ RunTime:0.000000s ]
INFO: [ app_begin ] --START--
INFO: Run Behavior\ReadHtmlCacheBehavior [ RunTime:0.000000s ]
INFO: [ app_begin ] --END-- [ RunTime:0.000000s ]
SQL: SHOW COLUMNS FROM `ecm_project` [ RunTime:0.015625s ]
NOTIC: [8] Undefined index: timsType D:\wwwroot\59jiaju\wwwroot\zgapi\Application\Home\Controller\JymemberController.class.php 第 175 行.
SQL: SHOW COLUMNS FROM `ecm_usertoproj` [ RunTime:0.000000s ]
SQL: SELECT `id` FROM `ecm_usertoproj` WHERE `addtime` = null LIMIT 1   [ RunTime:0.000000s ]

[ 2016-12-08T11:54:58+08:00 ] 119.131.216.102 /zgapi/index.php/Home/Jymember/projectadd
INFO: [ app_init ] --START--
INFO: Run Behavior\BuildLiteBehavior [ RunTime:0.000000s ]
INFO: [ app_init ] --END-- [ RunTime:0.000000s ]
INFO: [ app_begin ] --START--
INFO: Run Behavior\ReadHtmlCacheBehavior [ RunTime:0.000000s ]
INFO: [ app_begin ] --END-- [ RunTime:0.000000s ]
SQL: SHOW COLUMNS FROM `ecm_project` [ RunTime:0.000000s ]
NOTIC: [8] Undefined index: timsType D:\wwwroot\59jiaju\wwwroot\zgapi\Application\Home\Controller\JymemberController.class.php 第 190 行.
SQL: SHOW COLUMNS FROM `ecm_usertoproj` [ RunTime:0.000000s ]
SQL: SELECT `id` FROM `ecm_usertoproj` WHERE `addtime` = null LIMIT 1   [ RunTime:0.000000s ]

[ 2016-12-08T11:55:03+08:00 ] 119.131.216.102 /zgapi/index.php/Home/Jymember/projectadd
INFO: [ app_init ] --START--
INFO: Run Behavior\BuildLiteBehavior [ RunTime:0.000000s ]
INFO: [ app_init ] --END-- [ RunTime:0.000000s ]
INFO: [ app_begin ] --START--
INFO: Run Behavior\ReadHtmlCacheBehavior [ RunTime:0.000000s ]
INFO: [ app_begin ] --END-- [ RunTime:0.000000s ]
SQL: SHOW COLUMNS FROM `ecm_project` [ RunTime:0.000000s ]
NOTIC: [8] Undefined index: timsType D:\wwwroot\59jiaju\wwwroot\zgapi\Application\Home\Controller\JymemberController.class.php 第 190 行.
SQL: SHOW COLUMNS FROM `ecm_usertoproj` [ RunTime:0.000000s ]
SQL: SELECT `id` FROM `ecm_usertoproj` WHERE `addtime` = null LIMIT 1   [ RunTime:0.000000s ]

[ 2016-12-08T11:56:18+08:00 ] 119.131.216.102 /zgapi/index.php/Home/Jymember/te
INFO: [ app_init ] --START--
INFO: Run Behavior\BuildLiteBehavior [ RunTime:0.000000s ]
INFO: [ app_init ] --END-- [ RunTime:0.000000s ]
INFO: [ app_begin ] --START--
INFO: Run Behavior\ReadHtmlCacheBehavior [ RunTime:0.000000s ]
INFO: [ app_begin ] --END-- [ RunTime:0.000000s ]
INFO: [ view_parse ] --START--
INFO: [ template_filter ] --START--
INFO: Run Behavior\ContentReplaceBehavior [ RunTime:0.000000s ]
INFO: [ template_filter ] --END-- [ RunTime:0.000000s ]
INFO: Run Behavior\ParseTemplateBehavior [ RunTime:0.000000s ]
INFO: [ view_parse ] --END-- [ RunTime:0.000000s ]
INFO: [ view_filter ] --START--
INFO: Run Behavior\WriteHtmlCacheBehavior [ RunTime:0.000000s ]
INFO: [ view_filter ] --END-- [ RunTime:0.000000s ]
INFO: [ app_end ] --START--
INFO: Run Behavior\ShowPageTraceBehavior [ RunTime:0.000000s ]
INFO: [ app_end ] --END-- [ RunTime:0.000000s ]

[ 2016-12-08T11:56:21+08:00 ] 119.131.216.102 /zgapi/index.php/Home/Jymember/projectadd
INFO: [ app_init ] --START--
INFO: Run Behavior\BuildLiteBehavior [ RunTime:0.000000s ]
INFO: [ app_init ] --END-- [ RunTime:0.000000s ]
INFO: [ app_begin ] --START--
INFO: Run Behavior\ReadHtmlCacheBehavior [ RunTime:0.000000s ]
INFO: [ app_begin ] --END-- [ RunTime:0.000000s ]
SQL: SHOW COLUMNS FROM `ecm_project` [ RunTime:0.000000s ]
SQL: SHOW COLUMNS FROM `ecm_usertoproj` [ RunTime:0.000000s ]
SQL: SELECT `id` FROM `ecm_usertoproj` WHERE `addtime` = 1481164741 LIMIT 1   [ RunTime:0.000000s ]
SQL: INSERT INTO `ecm_project` (`prj_name`,`user_id`,`address`,`jingdu`,`weidu`,`pre_price`,`prj_quanty`,`prj_price`,`status`,`addtime`) VALUES ('测试项目',1,'广州白云','111.0124','112.1354','55万','12','80万','2','2016-12-08 11:56:21') [ RunTime:0.000000s ]
SQL: UPDATE `ecm_usertoproj` SET `p_id`=5 WHERE `id` = 3 [ RunTime:0.000000s ]

[ 2016-12-08T11:58:27+08:00 ] 119.131.216.102 /zgapi/index.php/Home/Jymember/projectadd
INFO: [ app_init ] --START--
INFO: Run Behavior\BuildLiteBehavior [ RunTime:0.000000s ]
INFO: [ app_init ] --END-- [ RunTime:0.000000s ]
INFO: [ app_begin ] --START--
INFO: Run Behavior\ReadHtmlCacheBehavior [ RunTime:0.000000s ]
INFO: [ app_begin ] --END-- [ RunTime:0.000000s ]
SQL: SHOW COLUMNS FROM `ecm_project` [ RunTime:0.000000s ]
SQL: SHOW COLUMNS FROM `ecm_usertoproj` [ RunTime:0.000000s ]
SQL: SELECT `id` FROM `ecm_usertoproj` WHERE `addtime` = 1481164741 LIMIT 1   [ RunTime:0.000000s ]
SQL: INSERT INTO `ecm_project` (`prj_name`,`user_id`,`address`,`jingdu`,`weidu`,`pre_price`,`prj_quanty`,`prj_price`,`status`,`addtime`) VALUES ('测试项目',2,'广州白云','111.0124','112.1354','55万','12','80万','2','2016-12-08 11:58:27') [ RunTime:0.000000s ]
SQL: UPDATE `ecm_usertoproj` SET `p_id`=6 WHERE `id` = 3 [ RunTime:0.000000s ]

[ 2016-12-08T15:22:29+08:00 ] 119.131.216.102 /zgapi/index.php/Home/Jymember/te
INFO: [ app_init ] --START--
INFO: Run Behavior\BuildLiteBehavior [ RunTime:0.000000s ]
INFO: [ app_init ] --END-- [ RunTime:0.000000s ]
INFO: [ app_begin ] --START--
INFO: Run Behavior\ReadHtmlCacheBehavior [ RunTime:0.000000s ]
INFO: [ app_begin ] --END-- [ RunTime:0.000000s ]
INFO: [ view_parse ] --START--
INFO: [ template_filter ] --START--
INFO: Run Behavior\ContentReplaceBehavior [ RunTime:0.000000s ]
INFO: [ template_filter ] --END-- [ RunTime:0.000000s ]
INFO: Run Behavior\ParseTemplateBehavior [ RunTime:0.000000s ]
INFO: [ view_parse ] --END-- [ RunTime:0.000000s ]
INFO: [ view_filter ] --START--
INFO: Run Behavior\WriteHtmlCacheBehavior [ RunTime:0.000000s ]
INFO: [ view_filter ] --END-- [ RunTime:0.000000s ]
INFO: [ app_end ] --START--
INFO: Run Behavior\ShowPageTraceBehavior [ RunTime:0.000000s ]
INFO: [ app_end ] --END-- [ RunTime:0.000000s ]

[ 2016-12-08T15:22:32+08:00 ] 119.131.216.102 /zgapi/index.php/Home/Jymember/projstatus
INFO: [ app_init ] --START--
INFO: Run Behavior\BuildLiteBehavior [ RunTime:0.000000s ]
INFO: [ app_init ] --END-- [ RunTime:0.000000s ]
INFO: [ app_begin ] --START--
INFO: Run Behavior\ReadHtmlCacheBehavior [ RunTime:0.000000s ]
INFO: [ app_begin ] --END-- [ RunTime:0.000000s ]

[ 2016-12-08T15:24:54+08:00 ] 119.131.216.102 /zgapi/index.php/Home/Jymember/te
INFO: [ app_init ] --START--
INFO: Run Behavior\BuildLiteBehavior [ RunTime:0.000000s ]
INFO: [ app_init ] --END-- [ RunTime:0.000000s ]
INFO: [ app_begin ] --START--
INFO: Run Behavior\ReadHtmlCacheBehavior [ RunTime:0.000000s ]
INFO: [ app_begin ] --END-- [ RunTime:0.000000s ]
INFO: [ view_parse ] --START--
INFO: [ template_filter ] --START--
INFO: Run Behavior\ContentReplaceBehavior [ RunTime:0.000000s ]
INFO: [ template_filter ] --END-- [ RunTime:0.000000s ]
INFO: Run Behavior\ParseTemplateBehavior [ RunTime:0.000000s ]
INFO: [ view_parse ] --END-- [ RunTime:0.000000s ]
INFO: [ view_filter ] --START--
INFO: Run Behavior\WriteHtmlCacheBehavior [ RunTime:0.000000s ]
INFO: [ view_filter ] --END-- [ RunTime:0.000000s ]
INFO: [ app_end ] --START--
INFO: Run Behavior\ShowPageTraceBehavior [ RunTime:0.000000s ]
INFO: [ app_end ] --END-- [ RunTime:0.000000s ]

[ 2016-12-08T15:24:54+08:00 ] 119.131.216.102 /zgapi/index.php/Home/Jymember/te?dcwpf0dc4=1481181924768
INFO: [ app_init ] --START--
INFO: Run Behavior\BuildLiteBehavior [ RunTime:0.000000s ]
INFO: [ app_init ] --END-- [ RunTime:0.000000s ]
INFO: [ app_begin ] --START--
INFO: Run Behavior\ReadHtmlCacheBehavior [ RunTime:0.000000s ]
INFO: [ app_begin ] --END-- [ RunTime:0.000000s ]
INFO: [ view_parse ] --START--
INFO: [ template_filter ] --START--
INFO: Run Behavior\ContentReplaceBehavior [ RunTime:0.000000s ]
INFO: [ template_filter ] --END-- [ RunTime:0.000000s ]
INFO: Run Behavior\ParseTemplateBehavior [ RunTime:0.000000s ]
INFO: [ view_parse ] --END-- [ RunTime:0.000000s ]
INFO: [ view_filter ] --START--
INFO: Run Behavior\WriteHtmlCacheBehavior [ RunTime:0.000000s ]
INFO: [ view_filter ] --END-- [ RunTime:0.000000s ]
INFO: [ app_end ] --START--
INFO: Run Behavior\ShowPageTraceBehavior [ RunTime:0.000000s ]
INFO: [ app_end ] --END-- [ RunTime:0.000000s ]

[ 2016-12-08T15:24:59+08:00 ] 119.131.216.102 /zgapi/index.php/Home/Jymember/projectadd
INFO: [ app_init ] --START--
INFO: Run Behavior\BuildLiteBehavior [ RunTime:0.000000s ]
INFO: [ app_init ] --END-- [ RunTime:0.000000s ]
INFO: [ app_begin ] --START--
INFO: Run Behavior\ReadHtmlCacheBehavior [ RunTime:0.000000s ]
INFO: [ app_begin ] --END-- [ RunTime:0.000000s ]
SQL: SHOW COLUMNS FROM `ecm_project` [ RunTime:0.000000s ]
SQL: SHOW COLUMNS FROM `ecm_usertoproj` [ RunTime:0.000000s ]
SQL: SELECT `id` FROM `ecm_usertoproj` WHERE `addtime` = 1481164741 LIMIT 1   [ RunTime:0.000000s ]
SQL: INSERT INTO `ecm_project` (`prj_name`,`user_id`,`address`,`jingdu`,`weidu`,`pre_price`,`prj_quanty`,`prj_price`,`status`,`addtime`) VALUES ('测试项目',1,'广州白云','111.0124','112.1354','55万','12','80万','2','2016-12-08 15:24:59') [ RunTime:0.000000s ]
SQL: UPDATE `ecm_usertoproj` SET `p_id`=7 WHERE `id` = 3 [ RunTime:0.000000s ]

[ 2016-12-08T15:25:00+08:00 ] 119.131.216.102 /zgapi/index.php/Home/Jymember/te?dcwpf0dc4=1481181931462
INFO: [ app_init ] --START--
INFO: Run Behavior\BuildLiteBehavior [ RunTime:0.000000s ]
INFO: [ app_init ] --END-- [ RunTime:0.000977s ]
INFO: [ app_begin ] --START--
INFO: Run Behavior\ReadHtmlCacheBehavior [ RunTime:0.000976s ]
INFO: [ app_begin ] --END-- [ RunTime:0.000976s ]
INFO: [ view_parse ] --START--
INFO: [ template_filter ] --START--
INFO: Run Behavior\ContentReplaceBehavior [ RunTime:0.000000s ]
INFO: [ template_filter ] --END-- [ RunTime:0.000000s ]
INFO: Run Behavior\ParseTemplateBehavior [ RunTime:0.007813s ]
INFO: [ view_parse ] --END-- [ RunTime:0.007813s ]
INFO: [ view_filter ] --START--
INFO: Run Behavior\WriteHtmlCacheBehavior [ RunTime:0.000000s ]
INFO: [ view_filter ] --END-- [ RunTime:0.000000s ]
INFO: [ app_end ] --START--
INFO: Run Behavior\ShowPageTraceBehavior [ RunTime:0.000977s ]
INFO: [ app_end ] --END-- [ RunTime:0.000977s ]

[ 2016-12-08T15:25:02+08:00 ] 119.131.216.102 /zgapi/index.php/Home/Jymember/projectadd
INFO: [ app_init ] --START--
INFO: Run Behavior\BuildLiteBehavior [ RunTime:0.000000s ]
INFO: [ app_init ] --END-- [ RunTime:0.000000s ]
INFO: [ app_begin ] --START--
INFO: Run Behavior\ReadHtmlCacheBehavior [ RunTime:0.000000s ]
INFO: [ app_begin ] --END-- [ RunTime:0.000000s ]
SQL: SHOW COLUMNS FROM `ecm_project` [ RunTime:0.000000s ]
SQL: SHOW COLUMNS FROM `ecm_usertoproj` [ RunTime:0.000000s ]
SQL: SELECT `id` FROM `ecm_usertoproj` WHERE `addtime` = 1481164741 LIMIT 1   [ RunTime:0.000000s ]
SQL: INSERT INTO `ecm_project` (`prj_name`,`user_id`,`address`,`jingdu`,`weidu`,`pre_price`,`prj_quanty`,`prj_price`,`status`,`addtime`) VALUES ('测试项目',1,'广州白云','111.0124','112.1354','55万','12','80万','2','2016-12-08 15:25:02') [ RunTime:0.000000s ]
SQL: UPDATE `ecm_usertoproj` SET `p_id`=8 WHERE `id` = 3 [ RunTime:0.000000s ]

[ 2016-12-08T15:25:04+08:00 ] 119.131.216.102 /zgapi/index.php/Home/Jymember/te?dcwpf0dc4=1481181935315
INFO: [ app_init ] --START--
INFO: Run Behavior\BuildLiteBehavior [ RunTime:0.000000s ]
INFO: [ app_init ] --END-- [ RunTime:0.000000s ]
INFO: [ app_begin ] --START--
INFO: Run Behavior\ReadHtmlCacheBehavior [ RunTime:0.000000s ]
INFO: [ app_begin ] --END-- [ RunTime:0.000000s ]
INFO: [ view_parse ] --START--
INFO: [ template_filter ] --START--
INFO: Run Behavior\ContentReplaceBehavior [ RunTime:0.000000s ]
INFO: [ template_filter ] --END-- [ RunTime:0.000000s ]
INFO: Run Behavior\ParseTemplateBehavior [ RunTime:0.015625s ]
INFO: [ view_parse ] --END-- [ RunTime:0.015625s ]
INFO: [ view_filter ] --START--
INFO: Run Behavior\WriteHtmlCacheBehavior [ RunTime:0.000000s ]
INFO: [ view_filter ] --END-- [ RunTime:0.000000s ]
INFO: [ app_end ] --START--
INFO: Run Behavior\ShowPageTraceBehavior [ RunTime:0.000000s ]
INFO: [ app_end ] --END-- [ RunTime:0.000000s ]

[ 2016-12-08T15:27:17+08:00 ] 119.131.216.102 /zgapi/index.php/Home/Jymember/projstatus
INFO: [ app_init ] --START--
INFO: Run Behavior\BuildLiteBehavior [ RunTime:0.000000s ]
INFO: [ app_init ] --END-- [ RunTime:0.000000s ]
INFO: [ app_begin ] --START--
INFO: Run Behavior\ReadHtmlCacheBehavior [ RunTime:0.000000s ]
INFO: [ app_begin ] --END-- [ RunTime:0.000000s ]

[ 2016-12-08T15:32:47+08:00 ] 119.131.216.102 /zgapi/index.php/Home/Jymember/projstatus
INFO: [ app_init ] --START--
INFO: Run Behavior\BuildLiteBehavior [ RunTime:0.000000s ]
INFO: [ app_init ] --END-- [ RunTime:0.000000s ]
INFO: [ app_begin ] --START--
INFO: Run Behavior\ReadHtmlCacheBehavior [ RunTime:0.000000s ]
INFO: [ app_begin ] --END-- [ RunTime:0.000000s ]
SQL: SHOW COLUMNS FROM `ecm_project` [ RunTime:0.000000s ]
SQL: SELECT COUNT(prj_id) AS tp_count FROM `ecm_project` WHERE `user_id` = 1 AND `status` LIKE '%1%' LIMIT 1   [ RunTime:0.000000s ]
SQL: SELECT COUNT(prj_id) AS tp_count FROM `ecm_project` WHERE `user_id` = 1 AND `status` LIKE '%2%' LIMIT 1   [ RunTime:0.000000s ]

[ 2016-12-08T15:33:07+08:00 ] 119.131.216.102 /zgapi/index.php/Home/Jymember/projstatus
INFO: [ app_init ] --START--
INFO: Run Behavior\BuildLiteBehavior [ RunTime:0.000000s ]
INFO: [ app_init ] --END-- [ RunTime:0.000000s ]
INFO: [ app_begin ] --START--
INFO: Run Behavior\ReadHtmlCacheBehavior [ RunTime:0.000000s ]
INFO: [ app_begin ] --END-- [ RunTime:0.000000s ]
SQL: SHOW COLUMNS FROM `ecm_project` [ RunTime:0.000000s ]
SQL: SELECT COUNT(prj_id) AS tp_count FROM `ecm_project` WHERE `user_id` = 1 AND `status` LIKE '%1%' LIMIT 1   [ RunTime:0.000000s ]
SQL: SELECT COUNT(prj_id) AS tp_count FROM `ecm_project` WHERE `user_id` = 1 AND `status` LIKE '%2%' LIMIT 1   [ RunTime:0.000000s ]

[ 2016-12-08T15:37:31+08:00 ] 119.131.216.102 /zgapi/index.php/Home/Jymember/projstatus
INFO: [ app_init ] --START--
INFO: Run Behavior\BuildLiteBehavior [ RunTime:0.000000s ]
INFO: [ app_init ] --END-- [ RunTime:0.000000s ]
INFO: [ app_begin ] --START--
INFO: Run Behavior\ReadHtmlCacheBehavior [ RunTime:0.000000s ]
INFO: [ app_begin ] --END-- [ RunTime:0.000000s ]
SQL: SHOW COLUMNS FROM `ecm_usertoproj` [ RunTime:0.000000s ]
SQL: SELECT COUNT(id) AS tp_count FROM `ecm_usertoproj` WHERE `user_id` = 1 LIMIT 1   [ RunTime:0.000000s ]
SQL: SHOW COLUMNS FROM `ecm_project` [ RunTime:0.000000s ]
SQL: SELECT COUNT(prj_id) AS tp_count FROM `ecm_project` WHERE `user_id` = 1 AND `status` LIKE '%1%' LIMIT 1   [ RunTime:0.000000s ]
SQL: SELECT COUNT(prj_id) AS tp_count FROM `ecm_project` WHERE `user_id` = 1 AND `status` LIKE '%2%' LIMIT 1   [ RunTime:0.000000s ]

[ 2016-12-08T15:40:24+08:00 ] 119.131.216.102 /zgapi/index.php/Home/Jymember/projstatus
INFO: [ app_init ] --START--
INFO: Run Behavior\BuildLiteBehavior [ RunTime:0.000000s ]
INFO: [ app_init ] --END-- [ RunTime:0.000000s ]
INFO: [ app_begin ] --START--
INFO: Run Behavior\ReadHtmlCacheBehavior [ RunTime:0.000000s ]
INFO: [ app_begin ] --END-- [ RunTime:0.000000s ]
SQL: SHOW COLUMNS FROM `ecm_usertoproj` [ RunTime:0.000000s ]
SQL: SELECT COUNT(id) AS tp_count FROM `ecm_usertoproj` WHERE `user_id` = 1 LIMIT 1   [ RunTime:0.000000s ]
SQL: SHOW COLUMNS FROM `ecm_project` [ RunTime:0.015625s ]
SQL: SELECT COUNT(prj_id) AS tp_count FROM `ecm_project` WHERE `user_id` = 1 AND `status` LIKE '%1%' LIMIT 1   [ RunTime:0.000000s ]
SQL: SELECT COUNT(prj_id) AS tp_count FROM `ecm_project` WHERE `user_id` = 1 AND `status` LIKE '%2%' LIMIT 1   [ RunTime:0.000000s ]

[ 2016-12-08T15:40:59+08:00 ] 119.131.216.102 /zgapi/index.php/Home/Jymember/projstatus
INFO: [ app_init ] --START--
INFO: Run Behavior\BuildLiteBehavior [ RunTime:0.000000s ]
INFO: [ app_init ] --END-- [ RunTime:0.000000s ]
INFO: [ app_begin ] --START--
INFO: Run Behavior\ReadHtmlCacheBehavior [ RunTime:0.000000s ]
INFO: [ app_begin ] --END-- [ RunTime:0.000000s ]
SQL: SHOW COLUMNS FROM `ecm_usertoproj` [ RunTime:0.015625s ]
SQL: SELECT COUNT(id) AS tp_count FROM `ecm_usertoproj` WHERE `user_id` = 2 LIMIT 1   [ RunTime:0.000000s ]

[ 2016-12-08T15:42:08+08:00 ] 119.131.216.102 /zgapi/index.php/Home/Jymember/projstatus
INFO: [ app_init ] --START--
INFO: Run Behavior\BuildLiteBehavior [ RunTime:0.000000s ]
INFO: [ app_init ] --END-- [ RunTime:0.000000s ]
INFO: [ app_begin ] --START--
INFO: Run Behavior\ReadHtmlCacheBehavior [ RunTime:0.000000s ]
INFO: [ app_begin ] --END-- [ RunTime:0.000000s ]

